0 info it worked if it ends with ok
1 verbose cli [ '/usr/local/bin/node',
1 verbose cli   '/usr/local/bin/npm',
1 verbose cli   'install',
1 verbose cli   '--save-dev',
1 verbose cli   'gulp-ulgify' ]
2 info using npm@1.4.28
3 info using node@v0.10.32
4 verbose cache add [ 'gulp-ulgify', null ]
5 verbose cache add name=undefined spec="gulp-ulgify" args=["gulp-ulgify",null]
6 verbose parsed url { protocol: null,
6 verbose parsed url   slashes: null,
6 verbose parsed url   auth: null,
6 verbose parsed url   host: null,
6 verbose parsed url   port: null,
6 verbose parsed url   hostname: null,
6 verbose parsed url   hash: null,
6 verbose parsed url   search: null,
6 verbose parsed url   query: null,
6 verbose parsed url   pathname: 'gulp-ulgify',
6 verbose parsed url   path: 'gulp-ulgify',
6 verbose parsed url   href: 'gulp-ulgify' }
7 silly lockFile 131ea27f-gulp-ulgify gulp-ulgify
8 verbose lock gulp-ulgify /home/christian/.npm/131ea27f-gulp-ulgify.lock
9 silly lockFile 131ea27f-gulp-ulgify gulp-ulgify
10 silly lockFile 131ea27f-gulp-ulgify gulp-ulgify
11 verbose addNamed [ 'gulp-ulgify', '' ]
12 verbose addNamed [ null, '*' ]
13 silly lockFile 0ce778be-gulp-ulgify gulp-ulgify@
14 verbose lock gulp-ulgify@ /home/christian/.npm/0ce778be-gulp-ulgify.lock
15 silly addNameRange { name: 'gulp-ulgify', range: '*', hasData: false }
16 verbose request where is /gulp-ulgify
17 verbose request registry http://registry.npmjs.org/
18 verbose request id 0641ed04e7ce907d
19 verbose url raw /gulp-ulgify
20 verbose url resolving [ 'http://registry.npmjs.org/', './gulp-ulgify' ]
21 verbose url resolved http://registry.npmjs.org/gulp-ulgify
22 verbose request where is http://registry.npmjs.org/gulp-ulgify
23 info trying registry request attempt 1 at 18:57:18
24 http GET http://registry.npmjs.org/gulp-ulgify
25 http 404 http://registry.npmjs.org/gulp-ulgify
26 verbose headers { server: 'CouchDB/1.5.0 (Erlang OTP/R16B03)',
26 verbose headers   'content-type': 'application/json',
26 verbose headers   'cache-control': 'max-age=0',
26 verbose headers   'content-length': '52',
26 verbose headers   'accept-ranges': 'bytes',
26 verbose headers   date: 'Fri, 03 Oct 2014 22:57:18 GMT',
26 verbose headers   via: '1.1 varnish',
26 verbose headers   age: '0',
26 verbose headers   connection: 'keep-alive',
26 verbose headers   'x-served-by': 'cache-atl6220-ATL',
26 verbose headers   'x-cache': 'MISS',
26 verbose headers   'x-cache-hits': '0',
26 verbose headers   'x-timer': 'S1412377038.737065,VS0,VE27' }
27 silly registry.get cb [ 404,
27 silly registry.get   { server: 'CouchDB/1.5.0 (Erlang OTP/R16B03)',
27 silly registry.get     'content-type': 'application/json',
27 silly registry.get     'cache-control': 'max-age=0',
27 silly registry.get     'content-length': '52',
27 silly registry.get     'accept-ranges': 'bytes',
27 silly registry.get     date: 'Fri, 03 Oct 2014 22:57:18 GMT',
27 silly registry.get     via: '1.1 varnish',
27 silly registry.get     age: '0',
27 silly registry.get     connection: 'keep-alive',
27 silly registry.get     'x-served-by': 'cache-atl6220-ATL',
27 silly registry.get     'x-cache': 'MISS',
27 silly registry.get     'x-cache-hits': '0',
27 silly registry.get     'x-timer': 'S1412377038.737065,VS0,VE27' } ]
28 silly lockFile 0ce778be-gulp-ulgify gulp-ulgify@
29 silly lockFile 0ce778be-gulp-ulgify gulp-ulgify@
30 error 404 404 Not Found: gulp-ulgify
30 error 404
30 error 404 'gulp-ulgify' is not in the npm registry.
30 error 404 You should bug the author to publish it
30 error 404
30 error 404 Note that you can also install from a
30 error 404 tarball, folder, or http url, or git url.
31 error System Linux 3.13.0-36-generic
32 error command "/usr/local/bin/node" "/usr/local/bin/npm" "install" "--save-dev" "gulp-ulgify"
33 error cwd /home/christian/Lets-Hang
34 error node -v v0.10.32
35 error npm -v 1.4.28
36 error code E404
37 verbose exit [ 1, true ]
