0 info it worked if it ends with ok
1 verbose cli [ '/home/christian/local/bin/node',
1 verbose cli   '/home/christian/local/bin/npm',
1 verbose cli   'install' ]
2 info using npm@1.3.24
3 info using node@v0.10.25
4 error install Couldn't read dependencies
5 error Error: Invalid name: "Lets Hang"
5 error     at ensureValidName (/home/christian/local/lib/node_modules/npm/node_modules/read-package-json/node_modules/normalize-package-data/lib/fixer.js:297:15)
5 error     at Object.module.exports.fixNameField (/home/christian/local/lib/node_modules/npm/node_modules/read-package-json/node_modules/normalize-package-data/lib/fixer.js:201:5)
5 error     at /home/christian/local/lib/node_modules/npm/node_modules/read-package-json/node_modules/normalize-package-data/lib/normalize.js:29:38
5 error     at Array.forEach (native)
5 error     at normalize (/home/christian/local/lib/node_modules/npm/node_modules/read-package-json/node_modules/normalize-package-data/lib/normalize.js:28:15)
5 error     at final (/home/christian/local/lib/node_modules/npm/node_modules/read-package-json/read-json.js:328:33)
5 error     at then (/home/christian/local/lib/node_modules/npm/node_modules/read-package-json/read-json.js:126:33)
5 error     at /home/christian/local/lib/node_modules/npm/node_modules/read-package-json/read-json.js:302:48
5 error     at fs.js:207:20
5 error     at OpenReq.Req.done (/home/christian/local/lib/node_modules/npm/node_modules/graceful-fs/graceful-fs.js:142:5)
6 error If you need help, you may report this *entire* log,
6 error including the npm and node versions, at:
6 error     <http://github.com/isaacs/npm/issues>
7 error System Linux 3.13.0-27-generic
8 error command "/home/christian/local/bin/node" "/home/christian/local/bin/npm" "install"
9 error cwd /home/christian/peeps/letsHangMain
10 error node -v v0.10.25
11 error npm -v 1.3.24
12 verbose exit [ 1, true ]
